Importer Log Report
Project : Grove - Vibration Sensor (SW-420) v1.1.PrjPcb

Section : Analyze Document - c:\net\data\arkservice\3dc59a2e-df3c-4dac-bc7f-0012154521a0\s\e\Grove - Vibration Sensor (SW-420) v1.1.sch
    Analyzing data of c:\net\data\arkservice\3dc59a2e-df3c-4dac-bc7f-0012154521a0\s\e\Grove - Vibration Sensor (SW-420) v1.1.sch
    Load settings
    Load layers 177
    Load schematic
    Load Libraries 6
    Load Library "moudle-new"
    Load Packages 1
    Load Symbols 2
    Load DeviceSets 2
    Load Library "Power or GND "
    Load Packages 0
    Load Symbols 1
    Load DeviceSets 1
    Load Library "Discrete-new"
    Load Packages 45
    Load Symbols 5
    Load DeviceSets 5
    Load Library "Connector-new"
    Load Packages 2
    Load Symbols 1
    Load DeviceSets 1
    Load Library "IC-new"
    Load Packages 3
    Load Symbols 2
    Load DeviceSets 1
    Load Library "Discrete-small"
    Load Packages 10
    Load Symbols 2
    Load DeviceSets 2
    Load Attributes 0
    Load Classes 3
    Load Parts 27
    Load Sheets 1
EndSection
